CRITICAL - 2024-05-26 19:44:44 --> ErrorException: Undefined property: stdClass::$dispName
in APPPATH\Controllers\DeviceController.php on line 29.
 1 APPPATH\Controllers\DeviceController.php(29): CodeIgniter\Debug\Exceptions->errorHandler(2, 'Undefined property: stdClass::$dispName', 'C:\\xampp\\htdocs\\ci_api\\app\\Controllers\\DeviceController.php', 29)
 2 APPPATH\Controllers\DeviceController.php(63): App\Controllers\DeviceController->setDevice()
 3 SYSTEMPATH\CodeIgniter.php(941): App\Controllers\DeviceController->createDevice()
 4 SYSTEMPATH\CodeIgniter.php(502): CodeIgniter\CodeIgniter->runController(Object(App\Controllers\DeviceController))
 5 SYSTEMPATH\CodeIgniter.php(361): CodeIgniter\CodeIgniter->handleRequest(null, Object(Config\Cache), false)
 6 FCPATH\index.php(96): CodeIgniter\CodeIgniter->run()
CRITICAL - 2024-05-26 20:28:31 --> TypeError: Cannot assign null to property App\Controllers\DeviceController::$storage of type int
in APPPATH\Controllers\DeviceController.php on line 34.
 1 APPPATH\Controllers\DeviceController.php(63): App\Controllers\DeviceController->setDevice()
 2 SYSTEMPATH\CodeIgniter.php(941): App\Controllers\DeviceController->createDevice()
 3 SYSTEMPATH\CodeIgniter.php(502): CodeIgniter\CodeIgniter->runController(Object(App\Controllers\DeviceController))
 4 SYSTEMPATH\CodeIgniter.php(361): CodeIgniter\CodeIgniter->handleRequest(null, Object(Config\Cache), false)
 5 FCPATH\index.php(96): CodeIgniter\CodeIgniter->run()
CRITICAL - 2024-05-26 21:18:06 --> TypeError: Cannot assign null to property App\Controllers\DeviceController::$dispType of type int
in APPPATH\Controllers\DeviceController.php on line 28.
 1 APPPATH\Controllers\DeviceController.php(63): App\Controllers\DeviceController->setDevice()
 2 SYSTEMPATH\CodeIgniter.php(941): App\Controllers\DeviceController->createDevice()
 3 SYSTEMPATH\CodeIgniter.php(502): CodeIgniter\CodeIgniter->runController(Object(App\Controllers\DeviceController))
 4 SYSTEMPATH\CodeIgniter.php(361): CodeIgniter\CodeIgniter->handleRequest(null, Object(Config\Cache), false)
 5 FCPATH\index.php(96): CodeIgniter\CodeIgniter->run()
CRITICAL - 2024-05-26 22:06:08 --> ErrorException: Undefined property: stdClass::$ramType
in APPPATH\Controllers\DeviceController.php on line 36.
 1 APPPATH\Controllers\DeviceController.php(36): CodeIgniter\Debug\Exceptions->errorHandler(2, 'Undefined property: stdClass::$ramType', 'C:\\xampp\\htdocs\\ci_api\\app\\Controllers\\DeviceController.php', 36)
 2 APPPATH\Controllers\DeviceController.php(96): App\Controllers\DeviceController->setDevice()
 3 SYSTEMPATH\CodeIgniter.php(941): App\Controllers\DeviceController->updateDevice(2)
 4 SYSTEMPATH\CodeIgniter.php(502): CodeIgniter\CodeIgniter->runController(Object(App\Controllers\DeviceController))
 5 SYSTEMPATH\CodeIgniter.php(361): CodeIgniter\CodeIgniter->handleRequest(null, Object(Config\Cache), false)
 6 FCPATH\index.php(96): CodeIgniter\CodeIgniter->run()
CRITICAL - 2024-05-26 22:06:56 --> ErrorException: Undefined property: stdClass::$dispName
in APPPATH\Controllers\DeviceController.php on line 29.
 1 APPPATH\Controllers\DeviceController.php(29): CodeIgniter\Debug\Exceptions->errorHandler(2, 'Undefined property: stdClass::$dispName', 'C:\\xampp\\htdocs\\ci_api\\app\\Controllers\\DeviceController.php', 29)
 2 APPPATH\Controllers\DeviceController.php(96): App\Controllers\DeviceController->setDevice()
 3 SYSTEMPATH\CodeIgniter.php(941): App\Controllers\DeviceController->updateDevice(1)
 4 SYSTEMPATH\CodeIgniter.php(502): CodeIgniter\CodeIgniter->runController(Object(App\Controllers\DeviceController))
 5 SYSTEMPATH\CodeIgniter.php(361): CodeIgniter\CodeIgniter->handleRequest(null, Object(Config\Cache), false)
 6 FCPATH\index.php(96): CodeIgniter\CodeIgniter->run()
CRITICAL - 2024-05-26 23:14:03 --> TypeError: Cannot assign null to property App\Controllers\DeviceController::$storage of type float
in APPPATH\Controllers\DeviceController.php on line 34.
 1 APPPATH\Controllers\DeviceController.php(96): App\Controllers\DeviceController->setDevice()
 2 SYSTEMPATH\CodeIgniter.php(941): App\Controllers\DeviceController->updateDevice(4)
 3 SYSTEMPATH\CodeIgniter.php(502): CodeIgniter\CodeIgniter->runController(Object(App\Controllers\DeviceController))
 4 SYSTEMPATH\CodeIgniter.php(361): CodeIgniter\CodeIgniter->handleRequest(null, Object(Config\Cache), false)
 5 FCPATH\index.php(96): CodeIgniter\CodeIgniter->run()
CRITICAL - 2024-05-26 23:32:51 --> TypeError: Cannot assign null to property App\Controllers\DeviceController::$storage of type float
in APPPATH\Controllers\DeviceController.php on line 34.
 1 APPPATH\Controllers\DeviceController.php(63): App\Controllers\DeviceController->setDevice()
 2 SYSTEMPATH\CodeIgniter.php(941): App\Controllers\DeviceController->createDevice()
 3 SYSTEMPATH\CodeIgniter.php(502): CodeIgniter\CodeIgniter->runController(Object(App\Controllers\DeviceController))
 4 SYSTEMPATH\CodeIgniter.php(361): CodeIgniter\CodeIgniter->handleRequest(null, Object(Config\Cache), false)
 5 FCPATH\index.php(96): CodeIgniter\CodeIgniter->run()
