ERROR - 2024-05-21 03:56:11 --> [Microsoft][ODBC Driver 17 for SQL Server][SQL Server]Violação da restrição UNIQUE KEY 'UQ_mail_unico'. Não é possível inserir a chave duplicada no objeto 'dbo.SIS_USERS'. O valor de chave duplicada é (fernandovancetto7@gmail.com).
CRITICAL - 2024-05-21 03:56:11 --> CodeIgniter\Database\Exceptions\DatabaseException: [Microsoft][ODBC Driver 17 for SQL Server][SQL Server]Violação da restrição UNIQUE KEY 'UQ_mail_unico'. Não é possível inserir a chave duplicada no objeto 'dbo.SIS_USERS'. O valor de chave duplicada é (fernandovancetto7@gmail.com).
in SYSTEMPATH\Database\BaseConnection.php on line 647.
 1 SYSTEMPATH\Database\BaseBuilder.php(2307): CodeIgniter\Database\BaseConnection->query('INSERT INTO "SIS_WEB"."dbo"."SIS_USERS" ("firstName","lastName","mail","mail2","password","birthDate","gender","country","city","state") VALUES (:firstName:, :lastName:, :mail:, :mail2:, :password:, :birthDate:, :gender:, :country:, :city:, :state:)', [...], false)
 2 SYSTEMPATH\Model.php(326): CodeIgniter\Database\BaseBuilder->insert()
 3 SYSTEMPATH\BaseModel.php(802): CodeIgniter\Model->doInsert([...])
 4 SYSTEMPATH\Model.php(744): CodeIgniter\BaseModel->insert([...], true)
 5 APPPATH\Controllers\UserController.php(74): CodeIgniter\Model->insert([...])
 6 SYSTEMPATH\CodeIgniter.php(941): App\Controllers\UserController->createUser()
 7 SYSTEMPATH\CodeIgniter.php(502): CodeIgniter\CodeIgniter->runController(Object(App\Controllers\UserController))
 8 SYSTEMPATH\CodeIgniter.php(361): CodeIgniter\CodeIgniter->handleRequest(null, Object(Config\Cache), false)
 9 FCPATH\index.php(96): CodeIgniter\CodeIgniter->run()
CRITICAL - 2024-05-21 03:56:11 --> [Caused by] CodeIgniter\Database\Exceptions\DatabaseException: [Microsoft][ODBC Driver 17 for SQL Server][SQL Server]Violação da restrição UNIQUE KEY 'UQ_mail_unico'. Não é possível inserir a chave duplicada no objeto 'dbo.SIS_USERS'. O valor de chave duplicada é (fernandovancetto7@gmail.com).
in SYSTEMPATH\Database\SQLSRV\Connection.php on line 482.
 1 SYSTEMPATH\Database\BaseConnection.php(693): CodeIgniter\Database\SQLSRV\Connection->execute('INSERT INTO "SIS_WEB"."dbo"."SIS_USERS" ("firstName","lastName","mail","mail2","password","birthDate","gender","country","city","state") VALUES (\'Luigi\', \'Bros\', \'fernandovancetto7@gmail.com\', \'\', \'$2y$10$Us8cT/qPZNrbE82nM.TUqeZQb7lL6qN/Alkg8UoKI0hK1k.Os4sHu\', \'2005-03-28T03:00:00.000Z\', \'F\', \'Japão\', \'Brasil\', \'Distrito de Funai\')')
 2 SYSTEMPATH\Database\BaseConnection.php(607): CodeIgniter\Database\BaseConnection->simpleQuery('INSERT INTO "SIS_WEB"."dbo"."SIS_USERS" ("firstName","lastName","mail","mail2","password","birthDate","gender","country","city","state") VALUES (\'Luigi\', \'Bros\', \'fernandovancetto7@gmail.com\', \'\', \'$2y$10$Us8cT/qPZNrbE82nM.TUqeZQb7lL6qN/Alkg8UoKI0hK1k.Os4sHu\', \'2005-03-28T03:00:00.000Z\', \'F\', \'Japão\', \'Brasil\', \'Distrito de Funai\')')
 3 SYSTEMPATH\Database\BaseBuilder.php(2307): CodeIgniter\Database\BaseConnection->query('INSERT INTO "SIS_WEB"."dbo"."SIS_USERS" ("firstName","lastName","mail","mail2","password","birthDate","gender","country","city","state") VALUES (:firstName:, :lastName:, :mail:, :mail2:, :password:, :birthDate:, :gender:, :country:, :city:, :state:)', [...], false)
 4 SYSTEMPATH\Model.php(326): CodeIgniter\Database\BaseBuilder->insert()
 5 SYSTEMPATH\BaseModel.php(802): CodeIgniter\Model->doInsert([...])
 6 SYSTEMPATH\Model.php(744): CodeIgniter\BaseModel->insert([...], true)
 7 APPPATH\Controllers\UserController.php(74): CodeIgniter\Model->insert([...])
 8 SYSTEMPATH\CodeIgniter.php(941): App\Controllers\UserController->createUser()
 9 SYSTEMPATH\CodeIgniter.php(502): CodeIgniter\CodeIgniter->runController(Object(App\Controllers\UserController))
10 SYSTEMPATH\CodeIgniter.php(361): CodeIgniter\CodeIgniter->handleRequest(null, Object(Config\Cache), false)
11 FCPATH\index.php(96): CodeIgniter\CodeIgniter->run()
ERROR - 2024-05-21 04:01:58 --> [Microsoft][ODBC Driver 17 for SQL Server][SQL Server]Violação da restrição UNIQUE KEY 'UQ_mail_unico'. Não é possível inserir a chave duplicada no objeto 'dbo.SIS_USERS'. O valor de chave duplicada é (luigibros@gmail.com).
CRITICAL - 2024-05-21 04:01:58 --> CodeIgniter\Database\Exceptions\DatabaseException: [Microsoft][ODBC Driver 17 for SQL Server][SQL Server]Violação da restrição UNIQUE KEY 'UQ_mail_unico'. Não é possível inserir a chave duplicada no objeto 'dbo.SIS_USERS'. O valor de chave duplicada é (luigibros@gmail.com).
in SYSTEMPATH\Database\BaseConnection.php on line 647.
 1 SYSTEMPATH\Database\BaseBuilder.php(2307): CodeIgniter\Database\BaseConnection->query('INSERT INTO "SIS_WEB"."dbo"."SIS_USERS" ("firstName","lastName","mail","mail2","password","birthDate","gender","country","city","state") VALUES (:firstName:, :lastName:, :mail:, :mail2:, :password:, :birthDate:, :gender:, :country:, :city:, :state:)', [...], false)
 2 SYSTEMPATH\Model.php(326): CodeIgniter\Database\BaseBuilder->insert()
 3 SYSTEMPATH\BaseModel.php(802): CodeIgniter\Model->doInsert([...])
 4 SYSTEMPATH\Model.php(744): CodeIgniter\BaseModel->insert([...], true)
 5 APPPATH\Controllers\UserController.php(74): CodeIgniter\Model->insert([...])
 6 SYSTEMPATH\CodeIgniter.php(941): App\Controllers\UserController->createUser()
 7 SYSTEMPATH\CodeIgniter.php(502): CodeIgniter\CodeIgniter->runController(Object(App\Controllers\UserController))
 8 SYSTEMPATH\CodeIgniter.php(361): CodeIgniter\CodeIgniter->handleRequest(null, Object(Config\Cache), false)
 9 FCPATH\index.php(96): CodeIgniter\CodeIgniter->run()
CRITICAL - 2024-05-21 04:01:58 --> [Caused by] CodeIgniter\Database\Exceptions\DatabaseException: [Microsoft][ODBC Driver 17 for SQL Server][SQL Server]Violação da restrição UNIQUE KEY 'UQ_mail_unico'. Não é possível inserir a chave duplicada no objeto 'dbo.SIS_USERS'. O valor de chave duplicada é (luigibros@gmail.com).
in SYSTEMPATH\Database\SQLSRV\Connection.php on line 482.
 1 SYSTEMPATH\Database\BaseConnection.php(693): CodeIgniter\Database\SQLSRV\Connection->execute('INSERT INTO "SIS_WEB"."dbo"."SIS_USERS" ("firstName","lastName","mail","mail2","password","birthDate","gender","country","city","state") VALUES (\'Pedro\', \'Perez Rigi Assumpção\', \'luigibros@gmail.com\', \'\', \'$2y$10$tWm4CbqCeOcRWrh2F4jdWuUjLfsnuNkcesKwkvoO6G06OHPgaaVdW\', \'2003-11-08T02:00:00.000Z\', \'M\', \'Brasil\', \'Brasil\', \'São Paulo\')')
 2 SYSTEMPATH\Database\BaseConnection.php(607): CodeIgniter\Database\BaseConnection->simpleQuery('INSERT INTO "SIS_WEB"."dbo"."SIS_USERS" ("firstName","lastName","mail","mail2","password","birthDate","gender","country","city","state") VALUES (\'Pedro\', \'Perez Rigi Assumpção\', \'luigibros@gmail.com\', \'\', \'$2y$10$tWm4CbqCeOcRWrh2F4jdWuUjLfsnuNkcesKwkvoO6G06OHPgaaVdW\', \'2003-11-08T02:00:00.000Z\', \'M\', \'Brasil\', \'Brasil\', \'São Paulo\')')
 3 SYSTEMPATH\Database\BaseBuilder.php(2307): CodeIgniter\Database\BaseConnection->query('INSERT INTO "SIS_WEB"."dbo"."SIS_USERS" ("firstName","lastName","mail","mail2","password","birthDate","gender","country","city","state") VALUES (:firstName:, :lastName:, :mail:, :mail2:, :password:, :birthDate:, :gender:, :country:, :city:, :state:)', [...], false)
 4 SYSTEMPATH\Model.php(326): CodeIgniter\Database\BaseBuilder->insert()
 5 SYSTEMPATH\BaseModel.php(802): CodeIgniter\Model->doInsert([...])
 6 SYSTEMPATH\Model.php(744): CodeIgniter\BaseModel->insert([...], true)
 7 APPPATH\Controllers\UserController.php(74): CodeIgniter\Model->insert([...])
 8 SYSTEMPATH\CodeIgniter.php(941): App\Controllers\UserController->createUser()
 9 SYSTEMPATH\CodeIgniter.php(502): CodeIgniter\CodeIgniter->runController(Object(App\Controllers\UserController))
10 SYSTEMPATH\CodeIgniter.php(361): CodeIgniter\CodeIgniter->handleRequest(null, Object(Config\Cache), false)
11 FCPATH\index.php(96): CodeIgniter\CodeIgniter->run()
