ERROR - 2024-05-24 23:53:12 --> [Microsoft][ODBC Driver 17 for SQL Server][SQL Server]A instrução DELETE conflitou com a restrição do REFERENCE "FK__SIS_DISPO__ram_t__693CA210". O conflito ocorreu no banco de dados "SIS_WEB", tabela "dbo.SIS_DISPOSITIVOS", column 'ram_type'.
CRITICAL - 2024-05-24 23:53:12 --> CodeIgniter\Database\Exceptions\DatabaseException: [Microsoft][ODBC Driver 17 for SQL Server][SQL Server]A instrução DELETE conflitou com a restrição do REFERENCE "FK__SIS_DISPO__ram_t__693CA210". O conflito ocorreu no banco de dados "SIS_WEB", tabela "dbo.SIS_DISPOSITIVOS", column 'ram_type'.
in SYSTEMPATH\Database\BaseConnection.php on line 647.
 1 SYSTEMPATH\Database\SQLSRV\Builder.php(535): CodeIgniter\Database\BaseConnection->query('DELETE FROM "SIS_WEB"."dbo"."SIS_RAM_TYPE"
WHERE "id" IN :id:', [...], false)
 2 SYSTEMPATH\Model.php(453): CodeIgniter\Database\SQLSRV\Builder->delete()
 3 SYSTEMPATH\BaseModel.php(1117): CodeIgniter\Model->doDelete([...], false)
 4 APPPATH\Controllers\RamTypeController.php(77): CodeIgniter\BaseModel->delete([...])
 5 SYSTEMPATH\CodeIgniter.php(941): App\Controllers\RamTypeController->deleteRamType(4)
 6 SYSTEMPATH\CodeIgniter.php(502): CodeIgniter\CodeIgniter->runController(Object(App\Controllers\RamTypeController))
 7 SYSTEMPATH\CodeIgniter.php(361): CodeIgniter\CodeIgniter->handleRequest(null, Object(Config\Cache), false)
 8 FCPATH\index.php(96): CodeIgniter\CodeIgniter->run()
CRITICAL - 2024-05-24 23:53:12 --> [Caused by] CodeIgniter\Database\Exceptions\DatabaseException: [Microsoft][ODBC Driver 17 for SQL Server][SQL Server]A instrução DELETE conflitou com a restrição do REFERENCE "FK__SIS_DISPO__ram_t__693CA210". O conflito ocorreu no banco de dados "SIS_WEB", tabela "dbo.SIS_DISPOSITIVOS", column 'ram_type'.
in SYSTEMPATH\Database\SQLSRV\Connection.php on line 482.
 1 SYSTEMPATH\Database\BaseConnection.php(693): CodeIgniter\Database\SQLSRV\Connection->execute('DELETE FROM "SIS_WEB"."dbo"."SIS_RAM_TYPE"
WHERE "id" IN (4)')
 2 SYSTEMPATH\Database\BaseConnection.php(607): CodeIgniter\Database\BaseConnection->simpleQuery('DELETE FROM "SIS_WEB"."dbo"."SIS_RAM_TYPE"
WHERE "id" IN (4)')
 3 SYSTEMPATH\Database\SQLSRV\Builder.php(535): CodeIgniter\Database\BaseConnection->query('DELETE FROM "SIS_WEB"."dbo"."SIS_RAM_TYPE"
WHERE "id" IN :id:', [...], false)
 4 SYSTEMPATH\Model.php(453): CodeIgniter\Database\SQLSRV\Builder->delete()
 5 SYSTEMPATH\BaseModel.php(1117): CodeIgniter\Model->doDelete([...], false)
 6 APPPATH\Controllers\RamTypeController.php(77): CodeIgniter\BaseModel->delete([...])
 7 SYSTEMPATH\CodeIgniter.php(941): App\Controllers\RamTypeController->deleteRamType(4)
 8 SYSTEMPATH\CodeIgniter.php(502): CodeIgniter\CodeIgniter->runController(Object(App\Controllers\RamTypeController))
 9 SYSTEMPATH\CodeIgniter.php(361): CodeIgniter\CodeIgniter->handleRequest(null, Object(Config\Cache), false)
10 FCPATH\index.php(96): CodeIgniter\CodeIgniter->run()
