CRITICAL - 2024-04-29 21:15:53 --> Error: Class "App\Models\DeviceModel" not found
in APPPATH\Controllers\DeviceController.php on line 44.
 1 SYSTEMPATH\CodeIgniter.php(941): App\Controllers\DeviceController->readAllDevices()
 2 SYSTEMPATH\CodeIgniter.php(502): CodeIgniter\CodeIgniter->runController(Object(App\Controllers\DeviceController))
 3 SYSTEMPATH\CodeIgniter.php(361): CodeIgniter\CodeIgniter->handleRequest(null, Object(Config\Cache), false)
 4 FCPATH\index.php(79): CodeIgniter\CodeIgniter->run()
CRITICAL - 2024-04-29 21:27:43 --> ErrorException: Undefined property: stdClass::$dispType
in APPPATH\Controllers\DeviceController.php on line 26.
 1 APPPATH\Controllers\DeviceController.php(26): CodeIgniter\Debug\Exceptions->errorHandler(2, 'Undefined property: stdClass::$dispType', 'C:\\xampp\\htdocs\\ci_api\\app\\Controllers\\DeviceController.php', 26)
 2 APPPATH\Controllers\DeviceController.php(59): App\Controllers\DeviceController->setDevice()
 3 SYSTEMPATH\CodeIgniter.php(941): App\Controllers\DeviceController->createDevice()
 4 SYSTEMPATH\CodeIgniter.php(502): CodeIgniter\CodeIgniter->runController(Object(App\Controllers\DeviceController))
 5 SYSTEMPATH\CodeIgniter.php(361): CodeIgniter\CodeIgniter->handleRequest(null, Object(Config\Cache), false)
 6 FCPATH\index.php(79): CodeIgniter\CodeIgniter->run()
CRITICAL - 2024-04-29 21:34:54 --> ErrorException: Array to string conversion
in APPPATH\Controllers\DeviceController.php on line 128.
 1 APPPATH\Controllers\DeviceController.php(128): CodeIgniter\Debug\Exceptions->errorHandler(2, 'Array to string conversion', 'C:\\xampp\\htdocs\\ci_api\\app\\Controllers\\DeviceController.php', 128)
 2 SYSTEMPATH\CodeIgniter.php(941): App\Controllers\DeviceController->updateDevice(1)
 3 SYSTEMPATH\CodeIgniter.php(502): CodeIgniter\CodeIgniter->runController(Object(App\Controllers\DeviceController))
 4 SYSTEMPATH\CodeIgniter.php(361): CodeIgniter\CodeIgniter->handleRequest(null, Object(Config\Cache), false)
 5 FCPATH\index.php(79): CodeIgniter\CodeIgniter->run()
CRITICAL - 2024-04-29 21:37:04 --> ErrorException: Undefined property: stdClass::$disp_type
in APPPATH\Controllers\DeviceController.php on line 26.
 1 APPPATH\Controllers\DeviceController.php(26): CodeIgniter\Debug\Exceptions->errorHandler(2, 'Undefined property: stdClass::$disp_type', 'C:\\xampp\\htdocs\\ci_api\\app\\Controllers\\DeviceController.php', 26)
 2 APPPATH\Controllers\DeviceController.php(59): App\Controllers\DeviceController->setDevice()
 3 SYSTEMPATH\CodeIgniter.php(941): App\Controllers\DeviceController->createDevice()
 4 SYSTEMPATH\CodeIgniter.php(502): CodeIgniter\CodeIgniter->runController(Object(App\Controllers\DeviceController))
 5 SYSTEMPATH\CodeIgniter.php(361): CodeIgniter\CodeIgniter->handleRequest(null, Object(Config\Cache), false)
 6 FCPATH\index.php(79): CodeIgniter\CodeIgniter->run()
CRITICAL - 2024-04-29 21:37:51 --> ErrorException: Undefined property: stdClass::$dispType
in APPPATH\Controllers\DeviceController.php on line 26.
 1 APPPATH\Controllers\DeviceController.php(26): CodeIgniter\Debug\Exceptions->errorHandler(2, 'Undefined property: stdClass::$dispType', 'C:\\xampp\\htdocs\\ci_api\\app\\Controllers\\DeviceController.php', 26)
 2 APPPATH\Controllers\DeviceController.php(102): App\Controllers\DeviceController->setDevice()
 3 SYSTEMPATH\CodeIgniter.php(941): App\Controllers\DeviceController->updateDevice(1)
 4 SYSTEMPATH\CodeIgniter.php(502): CodeIgniter\CodeIgniter->runController(Object(App\Controllers\DeviceController))
 5 SYSTEMPATH\CodeIgniter.php(361): CodeIgniter\CodeIgniter->handleRequest(null, Object(Config\Cache), false)
 6 FCPATH\index.php(79): CodeIgniter\CodeIgniter->run()
CRITICAL - 2024-04-29 21:38:15 --> ErrorException: Array to string conversion
in APPPATH\Controllers\DeviceController.php on line 128.
 1 APPPATH\Controllers\DeviceController.php(128): CodeIgniter\Debug\Exceptions->errorHandler(2, 'Array to string conversion', 'C:\\xampp\\htdocs\\ci_api\\app\\Controllers\\DeviceController.php', 128)
 2 SYSTEMPATH\CodeIgniter.php(941): App\Controllers\DeviceController->updateDevice(1)
 3 SYSTEMPATH\CodeIgniter.php(502): CodeIgniter\CodeIgniter->runController(Object(App\Controllers\DeviceController))
 4 SYSTEMPATH\CodeIgniter.php(361): CodeIgniter\CodeIgniter->handleRequest(null, Object(Config\Cache), false)
 5 FCPATH\index.php(79): CodeIgniter\CodeIgniter->run()
CRITICAL - 2024-04-29 21:46:15 --> ArgumentCountError: Too few arguments to function App\Controllers\DeviceController::readDeviceById(), 0 passed in C:\xampp\htdocs\ci_api\system\CodeIgniter.php on line 941 and exactly 1 expected
in APPPATH\Controllers\DeviceController.php on line 53.
 1 SYSTEMPATH\CodeIgniter.php(941): App\Controllers\DeviceController->readDeviceById()
 2 SYSTEMPATH\CodeIgniter.php(502): CodeIgniter\CodeIgniter->runController(Object(App\Controllers\DeviceController))
 3 SYSTEMPATH\CodeIgniter.php(361): CodeIgniter\CodeIgniter->handleRequest(null, Object(Config\Cache), false)
 4 FCPATH\index.php(79): CodeIgniter\CodeIgniter->run()
CRITICAL - 2024-04-29 23:21:23 --> Error: Call to a member function hasHeader() on null
in APPPATH\Controllers\BaseController.php on line 75.
 1 APPPATH\Controllers\UserController.php(23): App\Controllers\BaseController->validarToken()
 2 SYSTEMPATH\CodeIgniter.php(913): App\Controllers\UserController->__construct()
 3 SYSTEMPATH\CodeIgniter.php(493): CodeIgniter\CodeIgniter->createController()
 4 SYSTEMPATH\CodeIgniter.php(361): CodeIgniter\CodeIgniter->handleRequest(null, Object(Config\Cache), false)
 5 FCPATH\index.php(79): CodeIgniter\CodeIgniter->run()
CRITICAL - 2024-04-29 23:21:42 --> Error: Call to a member function hasHeader() on null
in APPPATH\Controllers\BaseController.php on line 75.
 1 APPPATH\Controllers\UserController.php(23): App\Controllers\BaseController->validarToken()
 2 SYSTEMPATH\CodeIgniter.php(913): App\Controllers\UserController->__construct()
 3 SYSTEMPATH\CodeIgniter.php(493): CodeIgniter\CodeIgniter->createController()
 4 SYSTEMPATH\CodeIgniter.php(361): CodeIgniter\CodeIgniter->handleRequest(null, Object(Config\Cache), false)
 5 FCPATH\index.php(79): CodeIgniter\CodeIgniter->run()
CRITICAL - 2024-04-29 23:21:47 --> Error: Call to a member function hasHeader() on null
in APPPATH\Controllers\BaseController.php on line 75.
 1 APPPATH\Controllers\UserController.php(23): App\Controllers\BaseController->validarToken()
 2 SYSTEMPATH\CodeIgniter.php(913): App\Controllers\UserController->__construct()
 3 SYSTEMPATH\CodeIgniter.php(493): CodeIgniter\CodeIgniter->createController()
 4 SYSTEMPATH\CodeIgniter.php(361): CodeIgniter\CodeIgniter->handleRequest(null, Object(Config\Cache), false)
 5 FCPATH\index.php(79): CodeIgniter\CodeIgniter->run()
CRITICAL - 2024-04-29 23:21:54 --> Error: Call to a member function hasHeader() on null
in APPPATH\Controllers\BaseController.php on line 75.
 1 APPPATH\Controllers\UserController.php(23): App\Controllers\BaseController->validarToken()
 2 SYSTEMPATH\CodeIgniter.php(913): App\Controllers\UserController->__construct()
 3 SYSTEMPATH\CodeIgniter.php(493): CodeIgniter\CodeIgniter->createController()
 4 SYSTEMPATH\CodeIgniter.php(361): CodeIgniter\CodeIgniter->handleRequest(null, Object(Config\Cache), false)
 5 FCPATH\index.php(79): CodeIgniter\CodeIgniter->run()
CRITICAL - 2024-04-29 23:22:52 --> Error: Call to a member function getJSON() on null
in APPPATH\Controllers\UserController.php on line 30.
 1 APPPATH\Controllers\UserController.php(23): App\Controllers\UserController->setUser()
 2 SYSTEMPATH\CodeIgniter.php(913): App\Controllers\UserController->__construct()
 3 SYSTEMPATH\CodeIgniter.php(493): CodeIgniter\CodeIgniter->createController()
 4 SYSTEMPATH\CodeIgniter.php(361): CodeIgniter\CodeIgniter->handleRequest(null, Object(Config\Cache), false)
 5 FCPATH\index.php(79): CodeIgniter\CodeIgniter->run()
CRITICAL - 2024-04-29 23:23:01 --> Error: Call to a member function hasHeader() on null
in APPPATH\Controllers\BaseController.php on line 75.
 1 APPPATH\Controllers\UserController.php(23): App\Controllers\BaseController->validarToken()
 2 SYSTEMPATH\CodeIgniter.php(913): App\Controllers\UserController->__construct()
 3 SYSTEMPATH\CodeIgniter.php(493): CodeIgniter\CodeIgniter->createController()
 4 SYSTEMPATH\CodeIgniter.php(361): CodeIgniter\CodeIgniter->handleRequest(null, Object(Config\Cache), false)
 5 FCPATH\index.php(79): CodeIgniter\CodeIgniter->run()
CRITICAL - 2024-04-29 23:24:14 --> Error: Call to a member function getHeaderLine() on null
in APPPATH\Controllers\BaseController.php on line 82.
 1 APPPATH\Controllers\BaseController.php(66): App\Controllers\BaseController->validarToken()
 2 SYSTEMPATH\CodeIgniter.php(913): App\Controllers\BaseController->__construct()
 3 SYSTEMPATH\CodeIgniter.php(493): CodeIgniter\CodeIgniter->createController()
 4 SYSTEMPATH\CodeIgniter.php(361): CodeIgniter\CodeIgniter->handleRequest(null, Object(Config\Cache), false)
 5 FCPATH\index.php(79): CodeIgniter\CodeIgniter->run()
CRITICAL - 2024-04-29 23:24:44 --> Error: Call to a member function getHeaderLine() on null
in APPPATH\Controllers\BaseController.php on line 77.
 1 APPPATH\Controllers\UserController.php(44): App\Controllers\BaseController->validarToken()
 2 APPPATH\Controllers\UserController.php(23): App\Controllers\UserController->readAllUsers()
 3 SYSTEMPATH\CodeIgniter.php(913): App\Controllers\UserController->__construct()
 4 SYSTEMPATH\CodeIgniter.php(493): CodeIgniter\CodeIgniter->createController()
 5 SYSTEMPATH\CodeIgniter.php(361): CodeIgniter\CodeIgniter->handleRequest(null, Object(Config\Cache), false)
 6 FCPATH\index.php(79): CodeIgniter\CodeIgniter->run()
CRITICAL - 2024-04-29 23:24:45 --> Error: Call to a member function getHeaderLine() on null
in APPPATH\Controllers\BaseController.php on line 77.
 1 APPPATH\Controllers\UserController.php(44): App\Controllers\BaseController->validarToken()
 2 APPPATH\Controllers\UserController.php(23): App\Controllers\UserController->readAllUsers()
 3 SYSTEMPATH\CodeIgniter.php(913): App\Controllers\UserController->__construct()
 4 SYSTEMPATH\CodeIgniter.php(493): CodeIgniter\CodeIgniter->createController()
 5 SYSTEMPATH\CodeIgniter.php(361): CodeIgniter\CodeIgniter->handleRequest(null, Object(Config\Cache), false)
 6 FCPATH\index.php(79): CodeIgniter\CodeIgniter->run()
CRITICAL - 2024-04-29 23:25:25 --> Error: Call to a member function getHeaderLine() on null
in APPPATH\Controllers\BaseController.php on line 77.
 1 APPPATH\Controllers\UserController.php(44): App\Controllers\BaseController->validarToken()
 2 APPPATH\Controllers\UserController.php(23): App\Controllers\UserController->readAllUsers()
 3 SYSTEMPATH\CodeIgniter.php(913): App\Controllers\UserController->__construct()
 4 SYSTEMPATH\CodeIgniter.php(493): CodeIgniter\CodeIgniter->createController()
 5 SYSTEMPATH\CodeIgniter.php(361): CodeIgniter\CodeIgniter->handleRequest(null, Object(Config\Cache), false)
 6 FCPATH\index.php(79): CodeIgniter\CodeIgniter->run()
CRITICAL - 2024-04-29 23:35:33 --> Error: Call to a member function getHeaderLine() on null
in APPPATH\Controllers\BaseController.php on line 77.
 1 APPPATH\Controllers\UserController.php(44): App\Controllers\BaseController->validarToken()
 2 APPPATH\Controllers\UserController.php(23): App\Controllers\UserController->readAllUsers()
 3 SYSTEMPATH\CodeIgniter.php(913): App\Controllers\UserController->__construct()
 4 SYSTEMPATH\CodeIgniter.php(493): CodeIgniter\CodeIgniter->createController()
 5 SYSTEMPATH\CodeIgniter.php(361): CodeIgniter\CodeIgniter->handleRequest(null, Object(Config\Cache), false)
 6 FCPATH\index.php(79): CodeIgniter\CodeIgniter->run()
CRITICAL - 2024-04-29 23:37:21 --> Error: Call to undefined function App\Controllers\ValidarToken()
in APPPATH\Controllers\DeviceTypeController.php on line 22.
 1 SYSTEMPATH\CodeIgniter.php(941): App\Controllers\DeviceTypeController->readAllTypesDevices()
 2 SYSTEMPATH\CodeIgniter.php(502): CodeIgniter\CodeIgniter->runController(Object(App\Controllers\DeviceTypeController))
 3 SYSTEMPATH\CodeIgniter.php(361): CodeIgniter\CodeIgniter->handleRequest(null, Object(Config\Cache), false)
 4 FCPATH\index.php(79): CodeIgniter\CodeIgniter->run()
CRITICAL - 2024-04-29 23:39:13 --> TypeError: App\Controllers\BaseController::retornarErro(): Argument #1 ($errorCode) must be of type int, null given, called in C:\xampp\htdocs\ci_api\app\Controllers\DeviceTypeController.php on line 32
in APPPATH\Controllers\BaseController.php on line 141.
 1 APPPATH\Controllers\DeviceTypeController.php(32): App\Controllers\BaseController->retornarErro(null)
 2 SYSTEMPATH\CodeIgniter.php(941): App\Controllers\DeviceTypeController->readAllTypesDevices()
 3 SYSTEMPATH\CodeIgniter.php(502): CodeIgniter\CodeIgniter->runController(Object(App\Controllers\DeviceTypeController))
 4 SYSTEMPATH\CodeIgniter.php(361): CodeIgniter\CodeIgniter->handleRequest(null, Object(Config\Cache), false)
 5 FCPATH\index.php(79): CodeIgniter\CodeIgniter->run()
INFO - 2024-04-29 23:50:54 --> Session: Class initialized using 'CodeIgniter\Session\Handlers\FileHandler' driver.
INFO - 2024-04-29 23:51:01 --> Session: Class initialized using 'CodeIgniter\Session\Handlers\FileHandler' driver.
INFO - 2024-04-29 23:54:31 --> Session: Class initialized using 'CodeIgniter\Session\Handlers\FileHandler' driver.
